<?xml version="1.0" encoding="UTF-8" standalone="yes" ?>
<test-results name="C:\Attracs\BoldForDelphi\UnitTest\Win32\Debug\UnitTest.exe" total="16" errors="0" failures="0" ignored="19" inconclusive="0" not-run="19" skipped="0" invalid="0" date="2025-12-07" time="18:10:05">
  <culture-info current-culture="en" current-uiculture="en" />
  <test-suite type="Assembly" name="UnitTest.exe" executed="true" result="Success" success="True" time="18:10:05" asserts="0">
    <results>
        <test-suite type="Namespace" name="Test" executed="true" result="Success" success="True" time="0.163" asserts="0" >
          <results>
              <test-suite type="Fixture" name="TTestBoldAttributes" executed="True" result="Success" success="True" time="0.101" >
                <categories>
                  <category name="ObjectSpace" />
                </categories>
                <results>
                  <test-case name="AttributeValueTest" executed="True" result="Success" success="True" time="0.000" asserts="0" >
                    <categories>
                      <category name="ObjectSpace" />
                    </categories>
                  </test-case>
                  <test-case name="AttributeNullTest" executed="True" result="Success" success="True" time="0.001" asserts="0" >
                    <categories>
                      <category name="ObjectSpace" />
                    </categories>
                  </test-case>
                  <test-case name="AttributeIndexTest" executed="True" result="Success" success="True" time="0.000" asserts="0" >
                    <categories>
                      <category name="ObjectSpace" />
                    </categories>
                  </test-case>
                  <test-case name="AttributeDerivationTest" executed="True" result="Success" success="True" time="0.000" asserts="0" >
                    <categories>
                      <category name="ObjectSpace" />
                    </categories>
                  </test-case>
                  <test-case name="AttributeOclDerivationTest" executed="True" result="Success" success="True" time="0.000" asserts="0" >
                    <categories>
                      <category name="ObjectSpace" />
                    </categories>
                  </test-case>
                  <test-case name="CheckMultiDerivedAttributes" executed="True" result="Success" success="True" time="0.000" asserts="0" >
                    <categories>
                      <category name="ObjectSpace" />
                    </categories>
                  </test-case>
                  <test-case name="CompareToAsTest" executed="True" result="Success" success="True" time="0.000" asserts="0" >
                    <categories>
                      <category name="ObjectSpace" />
                    </categories>
                  </test-case>
                  <test-case name="CompareToAsNullTest" executed="True" result="Success" success="True" time="0.001" asserts="0" >
                    <categories>
                      <category name="ObjectSpace" />
                    </categories>
                  </test-case>
                  <test-case name="TestCompareTypes" executed="True" result="Success" success="True" time="0.000" asserts="0" >
                    <categories>
                      <category name="ObjectSpace" />
                    </categories>
                  </test-case>
                </results>
              </test-suite>
              <test-suite type="Fixture" name="TTestBoldUMLTypes" executed="True" result="Success" success="True" time="0.004" >
                <categories>
                  <category name="Common" />
                </categories>
                <results>
                  <test-case name="TestUMLRange" executed="True" result="Success" success="True" time="0.000" asserts="0" >
                    <categories>
                      <category name="Common" />
                    </categories>
                  </test-case>
                  <test-case name="TestUMLMultiplicity" executed="True" result="Success" success="True" time="0.000" asserts="0" >
                    <categories>
                      <category name="Common" />
                    </categories>
                  </test-case>
                </results>
              </test-suite>
              <test-suite type="Fixture" name="TTestFetchInvalidAttribute" executed="True" result="Success" success="True" time="0.058" >
                <categories>
                  <category name="FetchRefetch" />
                </categories>
                <results>
                  <test-case name="TestFetchInvalidAttribute" executed="True" result="Success" success="True" time="0.000" asserts="0" >
                    <categories>
                      <category name="FetchRefetch" />
                    </categories>
                  </test-case>
                  <test-case name="TestFetchCurrentAttribute" executed="True" result="Success" success="True" time="0.000" asserts="0" >
                    <categories>
                      <category name="FetchRefetch" />
                    </categories>
                  </test-case>
                  <test-case name="TestFetchModifiedAttribute" executed="True" result="Success" success="True" time="0.000" asserts="0" >
                    <categories>
                      <category name="FetchRefetch" />
                    </categories>
                  </test-case>
                  <test-case name="TestFetchEmbeddedRoleInvalid" executed="True" result="Success" success="True" time="0.000" asserts="0" >
                    <categories>
                      <category name="FetchRefetch" />
                    </categories>
                  </test-case>
                  <test-case name="TestInvalidateAndAccess" executed="True" result="Success" success="True" time="0.000" asserts="0" >
                    <categories>
                      <category name="FetchRefetch" />
                    </categories>
                  </test-case>
                </results>
              </test-suite>
          </results>
        </test-suite>
        <test-suite type="Namespace" name="maan_UndoRedo" executed="true" result="Success" success="True" time="0.003" asserts="0" >
          <results>
              <test-suite type="Fixture" name="Tmaan_FetchRefetchTestCase" executed="True" result="Success" success="True" time="0.001" >
                <categories>
                  <category name="FetchRefetch" />
                </categories>
                <results>
                  <test-case name="TestFetchInvalidAttribute" executed="False" result="Ignored"  time="0.000" asserts="0" >
                    <categories>
                      <category name="FetchRefetch" />
                    </categories>
                    <reason>
                      <message>
                        <![CDATA[ Requires database setup - FireDAC SQLite initialization issue ]]>
                      </message>
                    </reason>
                  </test-case>
                  <test-case name="TestFetchCurrentAttribute" executed="False" result="Ignored"  time="0.000" asserts="0" >
                    <categories>
                      <category name="FetchRefetch" />
                    </categories>
                    <reason>
                      <message>
                        <![CDATA[ Requires database setup - FireDAC SQLite initialization issue ]]>
                      </message>
                    </reason>
                  </test-case>
                  <test-case name="TestFetchModifiedAttribute" executed="False" result="Ignored"  time="0.000" asserts="0" >
                    <categories>
                      <category name="FetchRefetch" />
                    </categories>
                    <reason>
                      <message>
                        <![CDATA[ Requires database setup - FireDAC SQLite initialization issue ]]>
                      </message>
                    </reason>
                  </test-case>
                  <test-case name="TestFetchEmbeddedRoleInvalid" executed="False" result="Ignored"  time="0.000" asserts="0" >
                    <categories>
                      <category name="FetchRefetch" />
                    </categories>
                    <reason>
                      <message>
                        <![CDATA[ Requires database setup - FireDAC SQLite initialization issue ]]>
                      </message>
                    </reason>
                  </test-case>
                  <test-case name="TestFetchEmbeddedRoleInvalidAdjust" executed="False" result="Ignored"  time="0.000" asserts="0" >
                    <categories>
                      <category name="FetchRefetch" />
                    </categories>
                    <reason>
                      <message>
                        <![CDATA[ Requires database setup - FireDAC SQLite initialization issue ]]>
                      </message>
                    </reason>
                  </test-case>
                  <test-case name="TestFetchEmbeddedRoleCurrent" executed="False" result="Ignored"  time="0.000" asserts="0" >
                    <categories>
                      <category name="FetchRefetch" />
                    </categories>
                    <reason>
                      <message>
                        <![CDATA[ Requires database setup - FireDAC SQLite initialization issue ]]>
                      </message>
                    </reason>
                  </test-case>
                  <test-case name="TestFetchNonEmbeddedRoleInvalid" executed="False" result="Ignored"  time="0.000" asserts="0" >
                    <categories>
                      <category name="FetchRefetch" />
                    </categories>
                    <reason>
                      <message>
                        <![CDATA[ Requires database setup - FireDAC SQLite initialization issue ]]>
                      </message>
                    </reason>
                  </test-case>
                </results>
              </test-suite>
              <test-suite type="Fixture" name="Tmaan_ModifyTestCase" executed="True" result="Success" success="True" time="0.001" >
                <categories>
                  <category name="Modify" />
                </categories>
                <results>
                  <test-case name="TestModifyAttribute" executed="False" result="Ignored"  time="0.000" asserts="0" >
                    <categories>
                      <category name="Modify" />
                    </categories>
                    <reason>
                      <message>
                        <![CDATA[ Requires database setup - FireDAC SQLite initialization issue ]]>
                      </message>
                    </reason>
                  </test-case>
                  <test-case name="TestModifyNonEmbeddedRoleInsertTransient" executed="False" result="Ignored"  time="0.000" asserts="0" >
                    <categories>
                      <category name="Modify" />
                    </categories>
                    <reason>
                      <message>
                        <![CDATA[ Requires database setup - FireDAC SQLite initialization issue ]]>
                      </message>
                    </reason>
                  </test-case>
                  <test-case name="TestModifyNonEmbeddedRoleInsertCurrent" executed="False" result="Ignored"  time="0.000" asserts="0" >
                    <categories>
                      <category name="Modify" />
                    </categories>
                    <reason>
                      <message>
                        <![CDATA[ Requires database setup - FireDAC SQLite initialization issue ]]>
                      </message>
                    </reason>
                  </test-case>
                  <test-case name="TestModifyNonEmbeddedRoleDeleteTransient" executed="False" result="Ignored"  time="0.000" asserts="0" >
                    <categories>
                      <category name="Modify" />
                    </categories>
                    <reason>
                      <message>
                        <![CDATA[ Requires database setup - FireDAC SQLite initialization issue ]]>
                      </message>
                    </reason>
                  </test-case>
                  <test-case name="TestModifyNonEmbeddedRoleDeleteCurrent" executed="False" result="Ignored"  time="0.000" asserts="0" >
                    <categories>
                      <category name="Modify" />
                    </categories>
                    <reason>
                      <message>
                        <![CDATA[ Requires database setup - FireDAC SQLite initialization issue ]]>
                      </message>
                    </reason>
                  </test-case>
                  <test-case name="TestModifyEmbeddedRoleCurrent" executed="False" result="Ignored"  time="0.000" asserts="0" >
                    <categories>
                      <category name="Modify" />
                    </categories>
                    <reason>
                      <message>
                        <![CDATA[ Requires database setup - FireDAC SQLite initialization issue ]]>
                      </message>
                    </reason>
                  </test-case>
                  <test-case name="TestModifyEmbeddedRoleTransient" executed="False" result="Ignored"  time="0.000" asserts="0" >
                    <categories>
                      <category name="Modify" />
                    </categories>
                    <reason>
                      <message>
                        <![CDATA[ Requires database setup - FireDAC SQLite initialization issue ]]>
                      </message>
                    </reason>
                  </test-case>
                  <test-case name="TestModifyEmbeddedRoleModified" executed="False" result="Ignored"  time="0.000" asserts="0" >
                    <categories>
                      <category name="Modify" />
                    </categories>
                    <reason>
                      <message>
                        <![CDATA[ Requires database setup - FireDAC SQLite initialization issue ]]>
                      </message>
                    </reason>
                  </test-case>
                </results>
              </test-suite>
              <test-suite type="Fixture" name="Tmaan_UndoTestCase" executed="True" result="Success" success="True" time="0.000" >
                <categories>
                  <category name="Undo" />
                </categories>
                <results>
                  <test-case name="UndoAttribute" executed="False" result="Ignored"  time="0.000" asserts="0" >
                    <categories>
                      <category name="Undo" />
                    </categories>
                    <reason>
                      <message>
                        <![CDATA[ Requires database setup - FireDAC SQLite initialization issue ]]>
                      </message>
                    </reason>
                  </test-case>
                  <test-case name="UndoEmbeddedRoleModified" executed="False" result="Ignored"  time="0.000" asserts="0" >
                    <categories>
                      <category name="Undo" />
                    </categories>
                    <reason>
                      <message>
                        <![CDATA[ Requires database setup - FireDAC SQLite initialization issue ]]>
                      </message>
                    </reason>
                  </test-case>
                  <test-case name="UndoEmbeddedRoleTransient" executed="False" result="Ignored"  time="0.000" asserts="0" >
                    <categories>
                      <category name="Undo" />
                    </categories>
                    <reason>
                      <message>
                        <![CDATA[ Requires database setup - FireDAC SQLite initialization issue ]]>
                      </message>
                    </reason>
                  </test-case>
                  <test-case name="UndoObjectCreation" executed="False" result="Ignored"  time="0.000" asserts="0" >
                    <categories>
                      <category name="Undo" />
                    </categories>
                    <reason>
                      <message>
                        <![CDATA[ Requires database setup - FireDAC SQLite initialization issue ]]>
                      </message>
                    </reason>
                  </test-case>
                </results>
              </test-suite>
          </results>
        </test-suite>
    </results>
  </test-suite>
</test-results>
